Build started 25-10-2016 10:06:15.
     1>Project "C:\Users\RAVI TEJA\MissionRnDProjects\RaviTejaKomma_Arrays\src\src.vcxproj" on node 2 (Build target(s)).
     1>ClCompile:
         C:\Program Files (x86)\Microsoft Visual Studio 12.0\VC\bin\CL.exe /c /Zi /nologo /W3 /WX- /O2 /Oi /Oy- /GL /D WIN32 /D NDEBUG /D _WINDOWS /D _USRDLL /D SRC_EXPORTS /D _WINDLL /D _UNICODE /D UNICODE /Gm- /EHsc /MD /GS /Gy /fp:precise /Zc:wchar_t /Zc:forScope /Fo"Release\\" /Fd"Release\vc120.pdb" /Gd /TP /analyze- /errorReport:prompt MainArrays1.cpp
         MainArrays1.cpp
       Link:
         C:\Program Files (x86)\Microsoft Visual Studio 12.0\VC\bin\link.exe /ERRORREPORT:PROMPT /OUT:"C:\Users\RAVI TEJA\MissionRnDProjects\RaviTejaKomma_Arrays\Release\src.dll" /INCREMENTAL:NO /NOLOGO kernel32.lib user32.lib gdi32.lib winspool.lib comdlg32.lib advapi32.lib shell32.lib ole32.lib oleaut32.lib uuid.lib odbc32.lib odbccp32.lib /MANIFEST /MANIFESTUAC:"level='asInvoker' uiAccess='false'" /manifest:embed /DEBUG /PDB:"C:\Users\RAVI TEJA\MissionRnDProjects\RaviTejaKomma_Arrays\Release\src.pdb" /SUBSYSTEM:WINDOWS /OPT:REF /OPT:ICF /LTCG /TLBID:1 /DYNAMICBASE /NXCOMPAT /IMPLIB:"C:\Users\RAVI TEJA\MissionRnDProjects\RaviTejaKomma_Arrays\Release\src.lib" /MACHINE:X86 /SAFESEH /DLL Release\MainArrays1.obj
         Release\maxPosNegSum.obj
         Release\nPrime.obj
         Release\oneTwoCount.obj
         Release\studentsCount.obj
         Release\topKStudents.obj
         Release\scoresDescendingSort.obj
         Release\removeArrayDuplicates.obj
         Release\sortedArrayInsertNumber.obj
         Release\sortedArrayPositionsChange.obj
         Generating code
         Finished generating code
         src.vcxproj -> C:\Users\RAVI TEJA\MissionRnDProjects\RaviTejaKomma_Arrays\Release\src.dll
     1>Done Building Project "C:\Users\RAVI TEJA\MissionRnDProjects\RaviTejaKomma_Arrays\src\src.vcxproj" (Build target(s)).

Build succeeded.

Time Elapsed 00:00:00.86
